###############################################################################
#                                                                             #
#                                                       04/Jun/2013  17:17:19 #
# IAR C/C++ Compiler V5.50.1.20465/W32, Evaluation edition for MSP430         #
# Copyright 1996-2012 IAR Systems AB.                                         #
#                                                                             #
#    __rt_version  =  3                                                       #
#    __double_size =  32                                                      #
#    __reg_r4      =  free                                                    #
#    __reg_r5      =  free                                                    #
#    __pic         =  no                                                      #
#    __core        =  430                                                     #
#    Source file   =  E:\Dooya\dooya_dev\DU0106\Source\smoke\src\radio\Si4455 #
#                     \si4455_nirq.c                                          #
#    Command line  =  E:\Dooya\dooya_dev\DU0106\Source\smoke\src\radio\Si4455 #
#                     \si4455_nirq.c -lC E:\Dooya\dooya_dev\DU0106\Source\smo #
#                     ke\iar\Debug\List\ -lA E:\Dooya\dooya_dev\DU0106\Source #
#                     \smoke\iar\Debug\List\ -o E:\Dooya\dooya_dev\DU0106\Sou #
#                     rce\smoke\iar\Debug\Obj\ --no_cse --no_unroll           #
#                     --no_inline --no_code_motion --no_tbaa --debug          #
#                     -D__MSP430G2303__ -e --double=32 --dlib_config          #
#                     "C:\Program Files\IAR Systems\Embedded Workbench 6.4    #
#                     Evaluation\430\LIB\DLIB\dl430fn.h" -I                   #
#                     E:\Dooya\dooya_dev\DU0106\Source\smoke\iar\..\src\app\  #
#                     -I E:\Dooya\dooya_dev\DU0106\Source\smoke\iar\..\src\bs #
#                     p\ -I E:\Dooya\dooya_dev\DU0106\Source\smoke\iar\..\src #
#                     \lib\ -I E:\Dooya\dooya_dev\DU0106\Source\smoke\iar\..\ #
#                     src\Radio\ -I E:\Dooya\dooya_dev\DU0106\Source\smoke\ia #
#                     r\..\src\Radio\Si4455\ -Ol                              #
#    List file     =  E:\Dooya\dooya_dev\DU0106\Source\smoke\iar\Debug\List\s #
#                     i4455_nirq.lst                                          #
#    Object file   =  E:\Dooya\dooya_dev\DU0106\Source\smoke\iar\Debug\Obj\si #
#                     4455_nirq.r43                                           #
#                                                                             #
#                                                                             #
###############################################################################

E:\Dooya\dooya_dev\DU0106\Source\smoke\src\radio\Si4455\si4455_nirq.c
      1          /*
      2           * Silicon Laboratories Confidential
      3           * Copyright 2011 Silicon Laboratories, Inc.
      4           *
      5           * THIS FILE IS AUTOMATICALLY GENERATED. DO NOT EDIT!
      6           */
      7          
      8          #include "bsp.h"
      9          
     10          
     11          #define Si4455ChipReadyPend                     Si4455ChipPend2
     12          #define Si4455CmdErrPend                        Si4455ChipPend3
     13          #define Si4455StateChangePend                   Si4455ChipPend4
     14          #define Si4455FifoUnderflowOverflowErrorPend    Si4455ChipPend5
     15          #define Si4455CalPend                           Si4455ChipPend6
     16          
     17          #define Si4455SyncDetectPend                    Si4455ModemPend0
     18          #define Si4455PreambleDetectPend                Si4455ModemPend1
     19          #define Si4455InvalidPreamblePend               Si4455ModemPend2
     20          #define Si4455RssiPend                          Si4455ModemPend3
     21          #define Si4455RssiJumpPend                      Si4455ModemPend4
     22          #define Si4455InvalidSyncPend                   Si4455ModemPend5
     23          #define Si4455PostambleDetectPend               Si4455ModemPend6
     24          
     25          #define Si4455RxFifoAlmostFullPend              Si4455PhPend0
     26          #define Si4455TxFifoAlmostEmptyPend             Si4455PhPend1
     27          #define Si4455Crc32ErrorPend                    Si4455PhPend3
     28          #define Si4455PacketRxPend                      Si4455PhPend4
     29          #define Si4455PacketSentPend                    Si4455PhPend5
     30          
     31          /*!
     32           * Do NOT use SEG_BDATA as that is not understood by SDCC!
     33           * Use BITS, WRITE_TO_BIT_ARRAY and READ_FROM_BIT_ARRAY instead to allocate and
     34           * handle bit arrays in a convenient way.
     35           *
     36           * Allocate all 8bits if WRITE_TO_BIT_ARRAY and READ_FROM_BIT_ARRAY macros
     37           * are to be used. Otherwise these macros would read/write bits that are
     38           * placed within that byte by the linker.
     39           */
     40          _BIS_SR(Si4455PhPend0, 0);
                                        ^
Error[Pe040]: expected an identifier

  _BIS_SR(Si4455PhPend0, 0);
  ^
"E:\Dooya\dooya_dev\DU0106\Source\smoke\src\radio\Si4455\si4455_nirq.c",40  Error[Pe260]: 
          explicit type is missing ("int" assumed)

  _BIS_SR(Si4455PhPend0, 0);
  ^
"E:\Dooya\dooya_dev\DU0106\Source\smoke\src\radio\Si4455\si4455_nirq.c",40  Error[Pe092]: 
          identifier-list parameters may only be used in a function definition
     41          BITS(Si4455PhPend1, 1);
                                     ^
Error[Pe040]: expected an identifier

  BITS(Si4455PhPend1, 1);
  ^
"E:\Dooya\dooya_dev\DU0106\Source\smoke\src\radio\Si4455\si4455_nirq.c",41  Error[Pe260]: 
          explicit type is missing ("int" assumed)

  BITS(Si4455PhPend1, 1);
  ^
"E:\Dooya\dooya_dev\DU0106\Source\smoke\src\radio\Si4455\si4455_nirq.c",41  Error[Pe092]: 
          identifier-list parameters may only be used in a function definition
     42          BITS(Si4455PhPend3, 3);
                                     ^
Error[Pe040]: expected an identifier

  BITS(Si4455PhPend3, 3);
  ^
"E:\Dooya\dooya_dev\DU0106\Source\smoke\src\radio\Si4455\si4455_nirq.c",42  Error[Pe260]: 
          explicit type is missing ("int" assumed)

  BITS(Si4455PhPend3, 3);
  ^
"E:\Dooya\dooya_dev\DU0106\Source\smoke\src\radio\Si4455\si4455_nirq.c",42  Error[Pe092]: 
          identifier-list parameters may only be used in a function definition
     43          BITS(Si4455PhPend4, 4);
                                     ^
Error[Pe040]: expected an identifier

  BITS(Si4455PhPend4, 4);
  ^
"E:\Dooya\dooya_dev\DU0106\Source\smoke\src\radio\Si4455\si4455_nirq.c",43  Error[Pe260]: 
          explicit type is missing ("int" assumed)

  BITS(Si4455PhPend4, 4);
  ^
"E:\Dooya\dooya_dev\DU0106\Source\smoke\src\radio\Si4455\si4455_nirq.c",43  Error[Pe092]: 
          identifier-list parameters may only be used in a function definition
     44          BITS(Si4455PhPend5, 5);
                                     ^
Error[Pe040]: expected an identifier

  BITS(Si4455PhPend5, 5);
  ^
"E:\Dooya\dooya_dev\DU0106\Source\smoke\src\radio\Si4455\si4455_nirq.c",44  Error[Pe260]: 
          explicit type is missing ("int" assumed)

  BITS(Si4455PhPend5, 5);
  ^
"E:\Dooya\dooya_dev\DU0106\Source\smoke\src\radio\Si4455\si4455_nirq.c",44  Error[Pe092]: 
          identifier-list parameters may only be used in a function definition
     45          
     46          BITS(Si4455ModemPend0, 0);
                                        ^
Error[Pe040]: expected an identifier

  BITS(Si4455ModemPend0, 0);
  ^
"E:\Dooya\dooya_dev\DU0106\Source\smoke\src\radio\Si4455\si4455_nirq.c",46  Error[Pe260]: 
          explicit type is missing ("int" assumed)

  BITS(Si4455ModemPend0, 0);
  ^
"E:\Dooya\dooya_dev\DU0106\Source\smoke\src\radio\Si4455\si4455_nirq.c",46  Error[Pe092]: 
          identifier-list parameters may only be used in a function definition
     47          BITS(Si4455ModemPend1, 1);
                                        ^
Error[Pe040]: expected an identifier

  BITS(Si4455ModemPend1, 1);
  ^
"E:\Dooya\dooya_dev\DU0106\Source\smoke\src\radio\Si4455\si4455_nirq.c",47  Error[Pe260]: 
          explicit type is missing ("int" assumed)

  BITS(Si4455ModemPend1, 1);
  ^
"E:\Dooya\dooya_dev\DU0106\Source\smoke\src\radio\Si4455\si4455_nirq.c",47  Error[Pe092]: 
          identifier-list parameters may only be used in a function definition
     48          BITS(Si4455ModemPend2, 2);
                                        ^
Error[Pe040]: expected an identifier

  BITS(Si4455ModemPend2, 2);
  ^
"E:\Dooya\dooya_dev\DU0106\Source\smoke\src\radio\Si4455\si4455_nirq.c",48  Error[Pe260]: 
          explicit type is missing ("int" assumed)

  BITS(Si4455ModemPend2, 2);
  ^
"E:\Dooya\dooya_dev\DU0106\Source\smoke\src\radio\Si4455\si4455_nirq.c",48  Error[Pe092]: 
          identifier-list parameters may only be used in a function definition
     49          BITS(Si4455ModemPend3, 3);
                                        ^
Error[Pe040]: expected an identifier

  BITS(Si4455ModemPend3, 3);
  ^
"E:\Dooya\dooya_dev\DU0106\Source\smoke\src\radio\Si4455\si4455_nirq.c",49  Error[Pe260]: 
          explicit type is missing ("int" assumed)

  BITS(Si4455ModemPend3, 3);
  ^
"E:\Dooya\dooya_dev\DU0106\Source\smoke\src\radio\Si4455\si4455_nirq.c",49  Error[Pe092]: 
          identifier-list parameters may only be used in a function definition
     50          BITS(Si4455ModemPend4, 4);
                                        ^
Error[Pe040]: expected an identifier

  BITS(Si4455ModemPend4, 4);
  ^
"E:\Dooya\dooya_dev\DU0106\Source\smoke\src\radio\Si4455\si4455_nirq.c",50  Error[Pe260]: 
          explicit type is missing ("int" assumed)

  BITS(Si4455ModemPend4, 4);
  ^
"E:\Dooya\dooya_dev\DU0106\Source\smoke\src\radio\Si4455\si4455_nirq.c",50  Error[Pe092]: 
          identifier-list parameters may only be used in a function definition
     51          BITS(Si4455ModemPend5, 5);
                                        ^
Error[Pe040]: expected an identifier

  BITS(Si4455ModemPend5, 5);
  ^
"E:\Dooya\dooya_dev\DU0106\Source\smoke\src\radio\Si4455\si4455_nirq.c",51  Error[Pe260]: 
          explicit type is missing ("int" assumed)

  BITS(Si4455ModemPend5, 5);
  ^
"E:\Dooya\dooya_dev\DU0106\Source\smoke\src\radio\Si4455\si4455_nirq.c",51  Error[Pe092]: 
          identifier-list parameters may only be used in a function definition
     52          BITS(Si4455ModemPend6, 6);
                                        ^
Error[Pe040]: expected an identifier

  BITS(Si4455ModemPend6, 6);
  ^
"E:\Dooya\dooya_dev\DU0106\Source\smoke\src\radio\Si4455\si4455_nirq.c",52  Error[Pe260]: 
          explicit type is missing ("int" assumed)

  BITS(Si4455ModemPend6, 6);
  ^
"E:\Dooya\dooya_dev\DU0106\Source\smoke\src\radio\Si4455\si4455_nirq.c",52  Error[Pe092]: 
          identifier-list parameters may only be used in a function definition
     53          
     54          BITS(Si4455ChipPend2, 2);
                                       ^
Error[Pe040]: expected an identifier

  BITS(Si4455ChipPend2, 2);
  ^
"E:\Dooya\dooya_dev\DU0106\Source\smoke\src\radio\Si4455\si4455_nirq.c",54  Error[Pe260]: 
          explicit type is missing ("int" assumed)

  BITS(Si4455ChipPend2, 2);
  ^
"E:\Dooya\dooya_dev\DU0106\Source\smoke\src\radio\Si4455\si4455_nirq.c",54  Error[Pe092]: 
          identifier-list parameters may only be used in a function definition
     55          BITS(Si4455ChipPend3, 3);
                                       ^
Error[Pe040]: expected an identifier

  BITS(Si4455ChipPend3, 3);
  ^
"E:\Dooya\dooya_dev\DU0106\Source\smoke\src\radio\Si4455\si4455_nirq.c",55  Error[Pe260]: 
          explicit type is missing ("int" assumed)

  BITS(Si4455ChipPend3, 3);
  ^
"E:\Dooya\dooya_dev\DU0106\Source\smoke\src\radio\Si4455\si4455_nirq.c",55  Error[Pe092]: 
          identifier-list parameters may only be used in a function definition
     56          BITS(Si4455ChipPend4, 4);
                                       ^
Error[Pe040]: expected an identifier

  BITS(Si4455ChipPend4, 4);
  ^
"E:\Dooya\dooya_dev\DU0106\Source\smoke\src\radio\Si4455\si4455_nirq.c",56  Error[Pe260]: 
          explicit type is missing ("int" assumed)

  BITS(Si4455ChipPend4, 4);
  ^
"E:\Dooya\dooya_dev\DU0106\Source\smoke\src\radio\Si4455\si4455_nirq.c",56  Error[Pe092]: 
          identifier-list parameters may only be used in a function definition
     57          BITS(Si4455ChipPend5, 5);
                                       ^
Error[Pe040]: expected an identifier

  BITS(Si4455ChipPend5, 5);
  ^
"E:\Dooya\dooya_dev\DU0106\Source\smoke\src\radio\Si4455\si4455_nirq.c",57  Error[Pe260]: 
          explicit type is missing ("int" assumed)

  BITS(Si4455ChipPend5, 5);
  ^
"E:\Dooya\dooya_dev\DU0106\Source\smoke\src\radio\Si4455\si4455_nirq.c",57  Error[Pe092]: 
          identifier-list parameters may only be used in a function definition
     58          BITS(Si4455ChipPend6, 6);
                                       ^
Error[Pe040]: expected an identifier

  BITS(Si4455ChipPend6, 6);
  ^
"E:\Dooya\dooya_dev\DU0106\Source\smoke\src\radio\Si4455\si4455_nirq.c",58  Error[Pe260]: 
          explicit type is missing ("int" assumed)

  BITS(Si4455ChipPend6, 6);
  ^
"E:\Dooya\dooya_dev\DU0106\Source\smoke\src\radio\Si4455\si4455_nirq.c",58  Error[Pe092]: 
          identifier-list parameters may only be used in a function definition
     59          
     60          /*!
     61           * This function is used to handle the assertion of nIRQ of the si4455 chip.
     62           *
     63           * @note This function can take up to 6 ms depending on the startup time of the
     64           * si4455 chip.
     65           *
     66           */
     67          void si4455_nirq_process(void)
     68          {
     69          #ifdef SI4455_USER_CONFIG_USE_FRR_ABC_FOR_NIRQ
     70              SEGMENT_VARIABLE(pendBits[3], U8, SEG_DATA);
     71          
     72              si4455_frr_read();
     73          #else
     74              si4455_get_int_status(0, 0, 0);
     75              WRITE_TO_BIT_ARRAY(Si4455PhPend, Si4455Cmd.GET_INT_STATUS.PH_PEND);
                     ^
Warning[Pe223]: function "WRITE_TO_BIT_ARRAY" declared implicitly

      WRITE_TO_BIT_ARRAY(Si4455PhPend, Si4455Cmd.GET_INT_STATUS.PH_PEND);
                         ^
"E:\Dooya\dooya_dev\DU0106\Source\smoke\src\radio\Si4455\si4455_nirq.c",75  Error[Pe020]: 
          identifier "Si4455PhPend" is undefined
     76              WRITE_TO_BIT_ARRAY(Si4455ModemPend, Si4455Cmd.GET_INT_STATUS.MODEM_PEND);
                                        ^
Error[Pe020]: identifier "Si4455ModemPend" is undefined
     77              WRITE_TO_BIT_ARRAY(Si4455ChipPend, Si4455Cmd.GET_INT_STATUS.CHIP_PEND);
                                        ^
Error[Pe020]: identifier "Si4455ChipPend" is undefined
     78          #endif
     79          }

Errors: 54
Warnings: 1
